         w __deregister_frame_info
         w __register_frame_info
         w userAppExit
         w userAppInit
00000000 00000802 B __ctru_dev_utf16_buf
00000000 b _TLS_MODULE_BASE_
00000000 a shift
00000000 a shift
00000804 00000401 B __ctru_dev_path_buf
00100000 A __start__
00100000 T _start
00100008 T __service_ptr
0010000c T __apt_appid
00100010 T __heap_size
00100014 T __linear_heap_size
00100018 T __system_arglist
0010001c T __system_runflags
00100020 t startup
00100058 t ClearMem
0010006c t ClrLoop
00100094 T _init
001000ac T __aeabi_idiv
001000ac 00000220 T __divsi3
001000b4 t .divsi3_skip_div0_test
001002cc 00000020 T __aeabi_idivmod
001002ec 00000004 W __aeabi_idiv0
001002ec 00000004 W __aeabi_ldiv0
001002f0 T __aeabi_uldivmod
00100348 00000390 T strcmp
001006d0 t .udivsi3_skip_div0_test
001006d0 T __aeabi_uidiv
001006d0 000001ec T __udivsi3
001008bc 00000020 T __aeabi_uidivmod
001008dc t __do_global_dtors_aux
0010091c t frame_dummy
00100948 0000026c T main
00100bb4 00000044 t C2Di_FrameEndHook
00100bf8 0000036c T C2D_Init
00100f64 0000004c T C2D_Fini
00100fb0 000000b8 T C2D_Prepare
00101068 00000048 T C2D_Flush
001010b0 00000104 T C2D_SceneSize
001011b4 00000058 T C2D_CreateScreenTarget
0010120c 00000064 T C2D_TargetClear
00101270 00000058 T C2Di_AppendQuad
001012c8 00000550 T C2Di_Update
00101818 0000015c T C2D_DrawTriangle
00101974 00000158 T C2D_DrawRectangle
00101acc 0000016c T C2D_DrawEllipse
00101c38 00000028 T AttrInfo_Init
00101c60 00000094 T AttrInfo_AddLoader
00101cf4 00000054 T C3D_SetAttrInfo
00101d48 00000080 T C3Di_AttrInfoBind
00101dc8 00000004 W C3Di_LightEnvUpdate
00101dcc 00000004 W C3Di_LightEnvDirty
00101dd0 000000b4 t C3Di_AptEventHook
00101e84 00000004 W C3Di_GasUpdate
00101e88 000001d0 T C3D_Init
00102058 00000098 T C3D_SetViewport
001020f0 000004e8 T C3Di_UpdateContext
001025d8 000000e0 T C3Di_SplitFrame
001026b8 00000010 T C3D_GetCmdBufUsage
001026c8 00000044 T C3D_Fini
0010270c 00000194 T C3D_BindProgram
001028a0 00000024 T BufInfo_Init
001028c4 00000080 T BufInfo_Add
00102944 0000003c T C3D_SetBufInfo
00102980 00000048 T C3Di_BufInfoBind
001029c8 0000021c T C3D_DrawElements
00102be4 00000040 T C3D_DepthMap
00102c24 0000001c T C3D_CullFace
00102c40 00000040 T C3D_StencilTest
00102c80 00000024 T C3D_StencilOp
00102ca4 0000001c T C3D_BlendingColor
00102cc0 00000024 T C3D_EarlyDepthTest
00102ce4 0000002c T C3D_DepthTest
00102d10 0000002c T C3D_AlphaTest
00102d3c 00000050 T C3D_AlphaBlend
00102d8c 00000030 T C3D_FragOpMode
00102dbc 00000044 T C3D_FragOpShadow
00102e00 000001ac T C3Di_EffectBind
00102fac 0000001c T C3D_CalcColorBufSize
00102fc8 0000001c T C3D_CalcDepthBufSize
00102fe4 00000044 T C3D_SetFrameBuf
00103028 0000016c T C3Di_FrameBufBind
00103194 000000c8 T C3D_FrameBufClear
0010325c 00000044 T C3D_FrameBufTransfer
001032a0 000000a8 T C3D_ImmSendAttrib
00103348 00000070 T C3D_ProcTexInit
001033b8 00000054 T C3D_ProcTexBind
0010340c 0000005c T C3D_ProcTexLutBind
00103468 000000a4 T ProcTexLut_FromArray
0010350c 00000178 T C3Di_ProcTexUpdate
00103684 00000068 T C3Di_ProcTexDirty
001036ec 0000004c t onVBlank0
00103738 0000004c t onVBlank1
00103784 00000080 t C3Di_RenderTargetDestroy
00103804 000000f4 t onQueueFinish
001038f8 00000038 T C3Di_RenderQueueEnableVBlank
00103930 00000030 T C3Di_RenderQueueDisableVBlank
00103960 00000060 T C3Di_RenderQueueInit
001039c0 000000b4 T C3Di_RenderQueueExit
00103a74 00000034 T C3Di_RenderQueueWaitDone
00103aa8 000000e8 T C3D_FrameBegin
00103b90 00000048 T C3D_FrameDrawOn
00103bd8 00000058 T C3D_FrameSplit
00103c30 000001d0 T C3D_FrameEnd
00103e00 0000001c T C3D_FrameEndHook
00103e1c 00000018 T C3D_GetDrawingTime
00103e34 00000018 T C3D_GetProcessingTime
00103e4c 00000170 T C3D_RenderTargetCreate
00103fbc 000000a8 T C3D_RenderTargetSetOutput
00104064 00000034 T C3D_GetTexEnv
00104098 00000024 T C3Di_TexEnvBind
001040bc 00000044 T C3D_TexBind
00104100 0000014c T C3Di_SetTex
0010424c 00000290 T C3D_UpdateUniforms
001044dc 000000c0 T C3Di_DirtyUniforms
0010459c 000000d8 T C3Di_LoadShaderUniforms
00104674 00000028 T C3Di_ClearShaderUniforms
0010469c 000000cc T Mtx_Ortho
00104768 000000cc T Mtx_OrthoTilt
00104834 00000024 t addrMapNodeComparator(rbtree_node const*, rbtree_node const*)
00104858 00000004 t addrMapNodeDestructor(rbtree_node*)
0010485c 00000120 T linearMemAlign
0010497c 00000008 T linearAlloc
00104984 0000005c T linearFree
001049e0 00000080 T MemPool::CoalesceRight(MemBlock*)
00104a60 0000016c T MemPool::Allocate(MemChunk&, unsigned long, int)
00104bcc 000000fc T MemPool::Deallocate(MemChunk const&)
00104cc8 00000030 T MemPool::GetFreeSpace()
00104cf8 00000024 t addrMapNodeComparator(rbtree_node const*, rbtree_node const*)
00104d1c 00000004 t addrMapNodeDestructor(rbtree_node*)
00104d20 0000024c T vramMemAlignAt
00104f6c 0000000c T vramAlloc
00104f78 0000000c T vramAllocAt
00104f84 00000090 T vramFree
00105014 0000051c t consoleHandleColorEsc
00105530 000000b8 t consoleColorStateShift
001055e8 000001ac T consoleDrawChar
00105794 00000124 T consolePrintChar
001058b8 000006f4 T con_write
00105fac 000000fc t newRow
001060a8 0000018c T consoleInit
00106234 000000d0 t gfxPresentFramebuffer
00106304 0000001c T gfxIsWide
00106320 000000ec T gfxSetScreenFormat
0010640c 00000010 T gfxSetDoubleBuffering
0010641c 000000e0 T gfxInit
001064fc 00000010 T gfxInitDefault
0010650c 000000b4 T gfxExit
001065c0 000000a0 T gfxGetFramebuffer
00106660 00000104 T gfxFlushBuffers
00106764 00000030 T gfxScreenSwapBuffers
00106794 00000050 T gfxSwapBuffersGpu
001067e4 00000074 T osConvertVirtToPhys
00106858 00000038 T osTickCounterRead
00106890 00000034 T __ctru_speedup_config
001068c4 0000013c T GPUCMD_Add
00106a00 000000b0 T GPUCMD_Split
00106ab0 00000034 T f32tof16
00106ae4 00000034 T f32tof24
00106b18 00000038 T f32tof31
00106b50 00000010 T GX_BindQueue
00106b60 00000078 T GX_ProcessCommandList
00106bd8 00000074 T GX_MemoryFill
00106c4c 00000070 T GX_DisplayTransfer
00106cbc 00000068 t gxCmdQueueDoCommands.part.0
00106d24 000000c8 T gxCmdQueueInterrupt
00106dec 0000004c T gxCmdQueueClear
00106e38 000000f8 T gxCmdQueueAdd
00106f30 00000080 T gxCmdQueueRun
00106fb0 00000060 T gxCmdQueueStop
00107010 0000008c T gxCmdQueueWait
0010709c 000001d0 T shaderInstanceInit
0010726c 00000018 T shaderInstanceGetUniformLocation
00107284 0000001c T shaderProgramInit
001072a0 00000064 T shaderProgramFree
00107304 00000080 T shaderProgramSetVsh
00107384 000008e0 T shaderProgramConfigure
00107c64 000001cc t DVLE_GenerateOutmap.part.0
00107e30 000001b4 T DVLB_ParseFile
00107fe4 00000038 T DVLB_Free
0010801c 00000074 T DVLE_GetUniformRegister
00108090 000001ac t aptConvertScreenForCapture
0010823c 00000008 W aptDspSleep
00108244 00000004 W aptDspWakeup
00108248 00000004 W aptDspCancel
0010824c 00000158 T aptSendCommand
001083a8 00000044 t aptExitProcess
001083ec 0000038c T aptExit
00108778 000000e0 T aptHandleSleep
00108858 00000030 T aptHook
00108888 00000030 T aptUnhook
001088b8 00000084 T APT_SleepIfShellClosed
0010893c 00000084 T aptSetSleepAllowed
001089c0 00000084 T APT_UnlockTransition
00108a48 000004a4 t aptEventHandler
00108eec 000000b0 T APT_ReceiveParameter
00108f9c 000000ac t aptReceiveParameter.constprop.0
00109048 000002ac t aptScreenTransfer
001092f4 00000320 t aptWaitForWakeUp.isra.0
00109614 000000f8 T aptJumpToHomeMenu
0010970c 00000048 T aptMainLoop
00109754 0000022c T aptInit
00109980 0000007c T APT_CheckNew3DS
001099fc 00000c64 t gspHardwareInit
0010a660 00000248 T gspInit
0010a8a8 000000f0 T gspExit
0010a998 00000010 T gspHasGpuRight
0010a9a8 000000a0 T gspPresentBuffer
0010aa48 00000030 T gspSetEventCallback
0010aa78 00000044 T gspWaitForEvent
0010aabc 0000004c T gspWaitForAnyEvent
0010ab08 00000158 t gspEventThreadMain
0010ac60 00000130 T gspSubmitGxCommand
0010ad90 00000050 T GSPGPU_FlushDataCache
0010ade0 00000034 T GSPGPU_SetLcdForceBlack
0010ae14 00000068 T GSPGPU_AcquireRight
0010ae7c 00000048 T GSPGPU_ReleaseRight
0010aec4 0000007c T GSPGPU_ImportDisplayCaptureInfo
0010af40 0000002c T GSPGPU_SaveVramSysArea
0010af6c 0000002c T GSPGPU_RestoreVramSysArea
0010af98 00000024 W hidShouldUseIrrst
0010afbc 0000018c T hidInit
0010b148 000000e8 T hidExit
0010b230 000002a4 T hidScanInput
0010b4d4 00000010 T hidKeysDown
0010b4e4 00000160 T irrstInit
0010b644 000000cc T irrstExit
0010b710 000000b4 T irrstScanInput
0010b7c4 00000024 T irrstKeysHeld
0010b7e8 00000074 T ptmSysmInit
0010b85c 0000003c T ptmSysmExit
0010b898 00000034 T PTMSYSM_ConfigureNew3DSCPU
0010b8cc 00000074 T rbtree_find
0010b940 00000010 T rbtree_init
0010b950 000001b0 t do_insert
0010bb00 00000008 T rbtree_insert
0010bb08 00000318 T rbtree_remove
0010be20 00000090 T rbtree_rotate
0010beb0 000001e0 W __system_allocateHeaps
0010c090 00000038 W __libctru_init
0010c0c8 00000170 W __system_initArgv
0010c238 00000030 T __syscall_getreent
0010c268 00000004 T __syscall_lock_acquire
0010c26c 00000004 T __syscall_lock_release
0010c270 00000004 T __syscall_lock_acquire_recursive
0010c274 00000004 T __syscall_lock_release_recursive
0010c278 00000004 T __syscall_exit
0010c27c 00000050 T initThreadVars
0010c2cc 00000080 T __system_initSyscalls
0010c34c T svcControlMemory
0010c36c T svcQueryMemory
0010c39c T svcExitProcess
0010c3a4 T svcCreateThread
0010c3c4 T svcExitThread
0010c3cc T svcSleepThread
0010c3d4 T svcReleaseMutex
0010c3dc T svcCreateEvent
0010c3f0 T svcSignalEvent
0010c3f8 T svcClearEvent
0010c400 T svcMapMemoryBlock
0010c408 T svcUnmapMemoryBlock
0010c410 T svcCreateAddressArbiter
0010c424 T svcArbitrateAddressNoTimeout
0010c42c T svcCloseHandle
0010c434 T svcWaitSynchronization
0010c43c T svcWaitSynchronizationN
0010c464 T svcDuplicateHandle
0010c478 T svcGetSystemTick
0010c480 T svcConnectToPort
0010c494 T svcSendSyncRequest
0010c49c T svcGetResourceLimit
0010c4b0 T svcGetResourceLimitLimitValues
0010c4b8 T svcGetResourceLimitCurrentValues
0010c4c0 T svcBreak
0010c4c8 W initSystem
0010c518 W __ctru_exit
0010c52c 00000084 W envGetHandle
0010c5b0 00000050 W envDestroyHandles
0010c600 0000012c T srvInit
0010c72c 00000058 T srvExit
0010c784 00000060 T srvEnableNotification
0010c7e4 000000a0 T srvGetServiceHandleDirect
0010c884 00000038 T srvGetServiceHandle
0010c8bc 00000034 T srvSubscribe
0010c8f0 00000060 T srvReceiveNotification
0010c950 00000038 T srvPublishToSubscriber
0010c988 0000000c T __sync_init
0010c994 00000018 T __sync_fini
0010c9ac 0000002c T syncArbitrateAddress
0010c9d8 000000ac T LightLock_Lock
0010ca84 00000040 T LightLock_Unlock
0010cac4 00000030 T RecursiveLock_Lock
0010caf4 00000054 T RecursiveLock_Unlock
0010cb48 00000040 T LightEvent_Init
0010cb88 000000a4 T LightEvent_Clear
0010cc2c 000000c8 T LightEvent_Signal
0010ccf4 00000050 T LightEvent_TryWait
0010cd44 000000a0 T LightEvent_Wait
0010cde4 000001d8 T threadCreate
0010cfbc 0000002c T threadFree
0010cfe8 00000024 T threadJoin
0010d00c 00000030 T threadGetCurrent
0010d03c 00000040 T threadExit
0010d07c 00000020 t _thread_begin
0010d09c 000000b4 t mappableFindAddressWithin
0010d150 00000028 T mappableInit
0010d178 00000080 T mappableAlloc
0010d1f8 00000004 T mappableFree
0010d1fc 0000000c T srvPmGetSessionHandle
0010d208 0000005c T rbtree_node_next
0010d264 00000030 W __appExit
0010d294 00000030 W __appInit
0010d2c4 00000090 W __libctru_exit
0010d354 00000014 t archive_link
0010d368 00000014 t archive_dirreset
0010d37c 00000014 t archive_chmod
0010d390 00000024 t error_cmp
0010d3b4 00000050 t archive_translate_error
0010d404 000000c8 t archive_seek
0010d4cc 0000007c t _archiveInit.part.0
0010d548 000000c4 t archiveFindDevice.part.0
0010d60c 00000280 t archive_utf16path
0010d88c 0000009c t _archiveUnmountDeviceStruct.part.0
0010d928 00000014 t archive_fchmod
0010d93c 00000014 t archive_statvfs
0010d950 00000164 t _archiveMountDevice
0010dab4 000000e8 t archive_diropen
0010db9c 000000a4 t archive_fstat
0010dc40 0000006c t archive_fsync
0010dcac 0000006c t archive_close
0010dd18 00000070 t archive_dirclose
0010dd88 000000e8 t sdmc_statvfs
0010de70 000000ec t archive_chdir
0010df5c 0000007c t archive_ftruncate
0010dfd8 000000ac t archive_read
0010e084 000000a4 t archive_unlink
0010e128 000000bc t archive_rmdir
0010e1e4 000000dc t archive_mkdir
0010e2c0 00000194 t archive_stat
0010e454 00000160 t archive_dirnext
0010e5b4 00000124 t archive_write
0010e6d8 0000020c t archive_open
0010e8e4 00000278 t archive_rename
0010eb5c 0000019c T archiveMountSdmc
0010ecf8 00000054 T archiveUnmountAll
0010ed4c 000000cc T fsInit
0010ee18 0000003c T fsExit
0010ee54 00000060 T fsExemptFromSession
0010eeb4 00000050 T fsUnexemptFromSession
0010ef04 000000cc T FSUSER_OpenFile
0010efd0 000000bc T FSUSER_DeleteFile
0010f08c 000000f8 T FSUSER_RenameFile
0010f184 000000bc T FSUSER_DeleteDirectory
0010f240 000000d4 T FSUSER_CreateFile
0010f314 000000c4 T FSUSER_CreateDirectory
0010f3d8 000000f8 T FSUSER_RenameDirectory
0010f4d0 000000b4 T FSUSER_OpenDirectory
0010f584 00000094 T FSUSER_OpenArchive
0010f618 0000008c T FSUSER_CloseArchive
0010f6a4 00000074 T FSUSER_GetSdmcArchiveResource
0010f718 00000064 T FSUSER_IsSdmcWritable
0010f77c 00000058 T FSFILE_Read
0010f7d4 00000060 T FSFILE_Write
0010f834 00000038 T FSFILE_GetSize
0010f86c 00000028 T FSFILE_SetSize
0010f894 0000003c T FSFILE_Close
0010f8d0 00000024 T FSFILE_Flush
0010f8f4 00000050 T FSDIR_Read
0010f944 0000003c T FSDIR_Close
0010f980 0000013c T decode_utf8
0010fabc 000000e8 T utf16_to_utf8
0010fba4 000000c0 T utf8_to_utf16
0010fc64 T __aeabi_read_tp
0010fc70 00000064 T decode_utf16
0010fcd4 00000054 T encode_utf16
0010fd28 000000e0 T encode_utf8
0010fe08 00000120 T __udivmoddi4
0010ff28 00000034 T printf
0010ff5c 00000020 T memalign
0010ff7c 0000014c T _memalign_r
001100c8 00000078 T bsearch
00110140 00000020 T calloc
00110160 000000c0 T _calloc_r
00110220 0000025c T setvbuf
0011047c 00000004 W __call_exitprocs
00110480 00000030 T exit
001104b0 000000f8 T _malloc_trim_r
001105a8 000002e8 T _free_r
00110890 00000018 T malloc
001108a8 00000018 T free
001108c0 0000079c T _malloc_r
0011105c 000000f4 T memset
00111150 0000000c T __malloc_lock
0011115c 0000000c T __malloc_unlock
00111168 0000064c t get_arg
001117b8 00003378 T _vfprintf_r
00114b30 000000b8 t __sbprintf
00114be8 00000090 T strlen
00114c78 0000022c T __sflush_r
00114ea4 00000094 T _fflush_r
00114f38 000000e4 T strncat
0011501c 000000e4 T strncmp
00115100 00000070 T _fwalk_sglue
00115170 000000c4 T strncpy
00115234 0000001c t stdio_exit_handler
00115250 0000005c t cleanup_stdio
001152ac 00000154 t global_stdio_init.part.0
00115400 0000005c T __sinit
0011545c 0000000c T __sfp_lock_acquire
00115468 0000000c T __sfp_lock_release
00115474 00000048 T strnlen
001154bc 000001d8 t _strtoul_l.isra.0
00115694 00000034 T strtoul
001156c8 00000024 T __locale_mb_cur_max
001156ec 00000024 T _localeconv_r
00115710 000000e0 T memchr
001157f0 000000f0 T __utf8_wctomb
001158e0 0000011c T memcpy
001159fc 00000084 T __libc_init_array
00115a80 0000003c T __libc_fini_array
00115abc 0000000c T __errno
00115ac8 00000088 T frexp
00115b50 0000012c T __smakebuf_r
00115c7c 0000008c T __swhatbuf_r
00115d08 000000a0 T _wcrtomb_r
00115da8 00000028 T _wcsrtombs_r
00115dd0 00000044 T __sread
00115e14 00000068 T __swrite
00115e7c 00000044 T __sseek
00115ec0 00000008 T __sclose
00115ec8 0000064c t get_arg
00116514 00000030 T __sprint_r
00116544 00002304 T _vfiprintf_r
00118848 000000b8 t __sbprintf
00118900 00000138 T __swsetup_r
00118a38 000001b4 t quorem
00118bf0 00001218 T _dtoa_r
00119e08 00000130 T strchr
00119f38 00000148 T _fclose_r
0011a080 00000150 T memmove
0011a1d0 00000088 T _Balloc
0011a258 0000001c T _Bfree
0011a274 000000f4 T __multadd
0011a368 00000060 T __hi0bits
0011a3c8 0000009c T __lo0bits
0011a464 000000a4 T __i2b
0011a508 00000204 T __multiply
0011a70c 00000128 T __pow5mult
0011a834 00000140 T __lshift
0011a974 00000058 T __mcmp
0011a9cc 000001fc T __mdiff
0011abc8 00000124 T __d2b
0011acec 000004b4 T __sfvwrite_r
0011b1a0 000004a0 T _realloc_r
0011b640 000002f8 T __utf8_mbtowc
0011b938 00000188 T _wcsnrtombs_l
0011bac0 00000064 T _wcsnrtombs_r
0011bb24 0000005c T __assert_func
0011bb80 0000003c T fiprintf
0011bbbc 00000014 T abort
0011bbd0 00000090 T _raise_r
0011bc60 00000018 T raise
0011bc78 00000020 T _exit
0011bc98 0000013c T chdir
0011bdd4 000001cc T _concatenate_path
0011bfa0 00000078 T _fstat_r
0011c018 00000014 T _getpid_r
0011c02c 0000002c T __getreent
0011c058 0000003c T __get_handle
0011c094 000000f4 T _close_r
0011c188 00000008 t null_write
0011c190 00000018 T setDefaultDevice
0011c1a8 000000c8 T FindDevice
0011c270 00000028 T RemoveDevice
0011c298 0000009c T AddDevice
0011c334 00000020 T GetDeviceOpTab
0011c354 00000008 T _isatty_r
0011c35c 00000014 T _kill_r
0011c370 00000084 T _lseek_r
0011c3f4 00000080 T _read_r
0011c474 00000078 W _sbrk_r
0011c4ec 0000001c T __libc_lock_acquire
0011c508 0000001c T __libc_lock_release
0011c524 0000001c T __libc_lock_acquire_recursive
0011c540 0000001c T __libc_lock_release_recursive
0011c55c 00000080 T _write_r
0011c5dc 00000048 T strrchr
0011c624 T _fini
0011d188 r .LC2
0011d268 R render2d_shbin
0011d3f4 R render2d_shbin_end
0011d3f4 R render2d_shbin_size
0011d3f8 00000004 r depthFmtSizes
0011d3fc 00000005 r colorFmtSizes
0011d404 00000010 r CSWTCH.11
0011d414 00000080 r dotab_stdout
0011d494 00000018 r grayScale
0011d4ac 00000006 r colorCube
0011d4b4 00000030 r colorTable
0011d4e4 00000008 r morton_y.2
0011d4ec 00000008 r morton_x.3
0011d4f4 00000008 r s_sleepWakeEvents.4
0011d4fc R default_font_bin
0011dcfc R default_font_bin_end
0011dcfc 00000030 r error_table
0011dd2c 00000080 r archive_devoptab
0011dde8 00000010 r zeroes.0
0011ddf8 00000010 r blanks.1
0011de08 00000101 R _ctype_
0011df0c 00000010 r zeroes.0
0011df1c 00000010 r blanks.1
0011df2c 0000006c R __action_table
0011df98 0000006c R __state_table
0011e004 00000100 R __chclass
0011e104 0000000c r p05.0
0011e110 00000028 R __mprec_bigtens
0011e138 000000c8 R __mprec_tens
0011e200 00000080 R dotab_stdnull
0011e280 R __tdata_align
0011e284 r __EH_FRAME_BEGIN__
0011e284 R __exidx_end
0011e284 R __exidx_start
0011f000 00000008 d framerateCounter
0011f008 00000004 d framerate
0011f00c 00000001 d firstConsoleInit.0
0011f010 00000004 D currentConsole
0011f014 00000048 D defaultConsole
0011f05c 00000004 d queueLock
0011f060 00000004 d aptChainloadDeliverArgSize
0011f064 00000004 d kCount
0011f068 00000004 d kInterval
0011f06c 00000004 d kDelay
0011f070 W __stacksize__
0011f074 00000004 D __malloc_sbrk_base
0011f078 00000004 D __malloc_trim_threshold
0011f080 00000408 D __malloc_av_
0011f488 0000000c D __sglue
0011f494 0000016c D __global_locale
0011f600 00000004 D _impure_ptr
0011f608 00000120 D _impure_data
0011f728 00000400 d _current_working_directory
0011fb28 00001000 d handles
00120b28 0000000c d __stderr_handle
00120b34 0000000c d __stdout_handle
00120b40 0000000c d __stdin_handle
00120b4c 0000008c D devoptab_list
00120bd8 00000004 d defaultDevice
00120be4 d _GLOBAL_OFFSET_TABLE_
00120bf0 d __frame_dummy_init_array_entry
00120bf0 D __init_array_start
00120bf0 B __preinit_array_end
00120bf0 B __preinit_array_start
00120bf0 D __tdata_lma
00120bf0 D __tdata_lma_end
00120bf4 d __do_global_dtors_aux_fini_array_entry
00120bf4 D __fini_array_start
00120bf4 D __init_array_end
00120bf8 D __bss_start__
00120bf8 D __fini_array_end
00120bf8 b completed.1
00120bfc b object.0
00120c18 000005a8 B __C2Di_Context
001211c0 00000040 b s_projBot
00121200 00000040 b s_projTop
00121240 00000004 b uLoc_mdlvMtx
00121244 00000004 b uLoc_projMtx
00121248 0000000c b hookCookie
00121258 000002d0 B __C3D_Context
00121528 00000004 b frameEndCbData
0012152c 00000004 b frameEndCb
00121530 00000008 b frameCounter
00121538 00000001 b isTopStereo
00121539 00000001 b needSwapBot
0012153a 00000001 b needSwapTop
0012153b 00000001 b measureGpuTime
0012153c 00000001 b inSafeTransfer
0012153d 00000001 b inFrame
00121540 00000010 b cpuTime
00121550 00000010 b gpuTime
00121560 0000000c b linkedTarget
0012156c 00000004 b lastTarget
00121570 00000004 b firstTarget
00121574 00000008 b C3Di_IVUnifEverDirty
0012157c 000000c0 b C3Di_FVUnifEverDirty
0012163c 00000018 b C3Di_ShaderFVecData
00121654 00000002 B C3D_BoolUnifsDirty
00121658 00000008 B C3D_IVUnifDirty
00121660 000000c0 B C3D_FVUnifDirty
00121720 00000004 B C3D_BoolUnifs
00121724 00000020 B C3D_IVUnif
00121744 00000c00 B C3D_FVUnif
00122348 00000008 b sLinearPool
00122350 0000000c b sAddrMap
00122360 00000008 b sVramPoolB
00122368 00000008 b sVramPoolA
00122370 0000000c b sAddrMap
0012237c 0000001c b escapeSeq
00122398 00000048 B currentCopy
001223e0 00000004 b screenAlloc
001223e4 00000004 b screenFree
001223e8 00000002 b gfxIsDoubleBuf
001223ec 00000002 b gfxCurBuf
001223ee 00000001 b gfxIsVram
001223ef 00000001 b gfxTopMode
001223f0 00000002 b gfxFramebufferFormats
001223f4 00000004 b gfxBottomFramebufferMaxSize
001223f8 00000004 b gfxTopFramebufferMaxSize
00122400 00000008 b gfxBottomFramebuffers
00122408 00000008 b gfxTopFramebuffers
00122410 00000001 V __ctru_speedup
00122414 00000004 B gpuCmdBufOffset
00122418 00000004 B gpuCmdBufSize
0012241c 00000004 B gpuCmdBuf
00122420 00000004 b boundQueue
00122424 00000001 b shouldStop
00122425 00000001 b isRunning
00122426 00000001 b isActive
00122428 00000004 b curQueue
0012242c 00000001 b flagValue.0
0012242d 00000001 b flagInit.1
00122430 00000004 b serviceName.6
00122434 00000001 b aptChainloadFlags
00122435 00000001 b aptChainloadMediatype
00122438 00000020 b aptChainloadHmac
00122458 00000300 b aptChainloadDeliverArg
00122758 00000008 b aptChainloadTid
00122760 00001000 b aptParameters
00123760 00000004 b aptFlags
00123764 00000001 b aptHomeButtonState
00123768 00000004 b aptMessageFuncData
0012376c 00000004 b aptMessageFunc
00123770 0000000c b aptFirstHook
0012377c 00000001 b aptEventHandlerThreadQuit
00123780 00000004 b aptEventHandlerThread
00123784 00000008 b aptSleepEvent
0012378c 00000008 b aptReceiveEvent
00123794 00000008 b aptEvents
0012379c 00000004 b aptLockHandle
001237a0 00000004 b aptRefCount
001237a4 00000007 b gspEventCbOneShot
001237ac 0000001c b gspEventCbData
001237c8 0000001c b gspEventCb
001237e4 00000038 b gspEvents
0012381c 00000004 b gspLastEvent
00123820 00000001 b gspRunEvents
00123824 00000004 b gspEventThread
00123828 00000004 b gspEvent
0012382c 00000001 b gspGpuRight
0012382d 00000001 b gspThreadId
00123830 00000004 b gspSharedMem
00123834 00000004 b gspSharedMemHandle
00123838 00000004 b gspRefCount
0012383c 00000004 b gspGpuHandle
00123840 00000001 b usingIrrst
00123844 00000004 b hidRefCount
00123848 00000006 b gRate
00123850 00000006 b aVec
00123858 00000004 b cPos
0012385c 00000004 b tPos
00123860 00000004 b kRepeat
00123864 00000004 b kUp
00123868 00000004 b kDown
0012386c 00000004 b kHeld
00123870 00000004 b kOld
00123874 00000004 B hidSharedMem
00123878 00000014 B hidEvents
0012388c 00000004 B hidMemHandle
00123890 00000004 B hidHandle
00123894 00000004 b irrstRefCount
00123898 00000004 b csPos
0012389c 00000004 b kHeld
001238a0 00000004 B irrstSharedMem
001238a4 00000004 B irrstEvent
001238a8 00000004 B irrstMemHandle
001238ac 00000004 B irrstHandle
001238b0 00000004 b ptmSysmRefCount
001238b4 00000004 b ptmSysmHandle
001238b8 00000004 V __ctru_linear_heap_size
001238bc 00000004 V __ctru_heap_size
001238c0 00000004 B __ctru_linear_heap
001238c4 00000004 B __ctru_heap
001238c8 00000004 B __system_retAddr
001238cc 00000004 B __system_argv
001238d0 00000004 B __system_argc
001238d4 b saved_stack
001238dc 00000004 B __3dslink_host
001238e0 00000004 b srvRefCount
001238e4 00000004 b srvHandle
001238e8 00000004 b arbiter
001238ec 00000004 b currentAddr
001238f0 00000004 b maxAddr
001238f4 00000004 b minAddr
001238f8 00000004 b srvPmHandle
00123900 000005c0 b archive_devices
00123ec0 00000004 b archive_device_cwd
00123ec4 00000001 b archive_initialized
00123ec8 00000080 b fsExemptArchives
00123f48 00000004 b fsuRefCount
00123f4c 00000004 b fsuHandle
00123f50 00000028 B __malloc_current_mallinfo
00123f78 00000004 B __malloc_max_total_mem
00123f7c 00000004 B __malloc_max_sbrked_mem
00123f80 00000004 B __malloc_top_pad
00123f84 0000000c b __malloc_recursive_mutex
00123f90 0000000c b __sfp_recursive_mutex
00123fa0 00000168 B __sf
00124108 00000004 B __stdio_exit_handler
0012410c 00000400 b temp_cwd
0012450c 00000004 b __hndl_lock
00124510 00000004 B fake_heap_start
00124514 00000004 B fake_heap_end
00124518 00000004 b heap_start.0
0012451c B __tls_start
00125124 B __bss_end__
00125124 A __end__
00125124 B __tls_end
